0 info it worked if it ends with ok
1 verbose cli [ 'C:\\Program Files\\nodejs\\\\node.exe',
1 verbose cli   'C:\\Program Files\\nodejs\\node_modules\\npm\\bin\\npm-cli.js',
1 verbose cli   'install',
1 verbose cli   'gulp-sass-contrib',
1 verbose cli   '--save-dev' ]
2 info using npm@1.4.28
3 info using node@v0.10.32
4 verbose node symlink C:\Program Files\nodejs\\node.exe
5 verbose readDependencies using package.json deps
6 verbose cache add [ 'gulp-sass-contrib', null ]
7 verbose cache add name=undefined spec="gulp-sass-contrib" args=["gulp-sass-contrib",null]
8 verbose parsed url { protocol: null,
8 verbose parsed url   slashes: null,
8 verbose parsed url   auth: null,
8 verbose parsed url   host: null,
8 verbose parsed url   port: null,
8 verbose parsed url   hostname: null,
8 verbose parsed url   hash: null,
8 verbose parsed url   search: null,
8 verbose parsed url   query: null,
8 verbose parsed url   pathname: 'gulp-sass-contrib',
8 verbose parsed url   path: 'gulp-sass-contrib',
8 verbose parsed url   href: 'gulp-sass-contrib' }
9 silly lockFile ea058784-gulp-sass-contrib gulp-sass-contrib
10 verbose lock gulp-sass-contrib C:\Users\Adrian\AppData\Roaming\npm-cache\ea058784-gulp-sass-contrib.lock
11 silly lockFile ea058784-gulp-sass-contrib gulp-sass-contrib
12 silly lockFile ea058784-gulp-sass-contrib gulp-sass-contrib
13 verbose addNamed [ 'gulp-sass-contrib', '' ]
14 verbose addNamed [ null, '*' ]
15 silly lockFile ecd35e82-gulp-sass-contrib gulp-sass-contrib@
16 verbose lock gulp-sass-contrib@ C:\Users\Adrian\AppData\Roaming\npm-cache\ecd35e82-gulp-sass-contrib.lock
17 silly addNameRange { name: 'gulp-sass-contrib', range: '*', hasData: false }
18 verbose request where is /gulp-sass-contrib
19 verbose request registry https://registry.npmjs.org/
20 verbose request id 203b2eaa34eaf531
21 verbose url raw /gulp-sass-contrib
22 verbose url resolving [ 'https://registry.npmjs.org/', './gulp-sass-contrib' ]
23 verbose url resolved https://registry.npmjs.org/gulp-sass-contrib
24 verbose request where is https://registry.npmjs.org/gulp-sass-contrib
25 info trying registry request attempt 1 at 20:26:48
26 http GET https://registry.npmjs.org/gulp-sass-contrib
27 http 404 https://registry.npmjs.org/gulp-sass-contrib
28 verbose headers { date: 'Wed, 05 Nov 2014 01:26:48 GMT',
28 verbose headers   server: 'CouchDB/1.5.0 (Erlang OTP/R16B03)',
28 verbose headers   'content-type': 'application/json',
28 verbose headers   'cache-control': 'max-age=0',
28 verbose headers   'content-length': '52',
28 verbose headers   'accept-ranges': 'bytes',
28 verbose headers   via: '1.1 varnish',
28 verbose headers   age: '0',
28 verbose headers   'x-served-by': 'cache-atl6229-ATL',
28 verbose headers   'x-cache': 'MISS',
28 verbose headers   'x-cache-hits': '0',
28 verbose headers   'x-timer': 'S1415150808.148173,VS0,VE76',
28 verbose headers   'keep-alive': 'timeout=10, max=50',
28 verbose headers   connection: 'Keep-Alive' }
29 silly registry.get cb [ 404,
29 silly registry.get   { date: 'Wed, 05 Nov 2014 01:26:48 GMT',
29 silly registry.get     server: 'CouchDB/1.5.0 (Erlang OTP/R16B03)',
29 silly registry.get     'content-type': 'application/json',
29 silly registry.get     'cache-control': 'max-age=0',
29 silly registry.get     'content-length': '52',
29 silly registry.get     'accept-ranges': 'bytes',
29 silly registry.get     via: '1.1 varnish',
29 silly registry.get     age: '0',
29 silly registry.get     'x-served-by': 'cache-atl6229-ATL',
29 silly registry.get     'x-cache': 'MISS',
29 silly registry.get     'x-cache-hits': '0',
29 silly registry.get     'x-timer': 'S1415150808.148173,VS0,VE76',
29 silly registry.get     'keep-alive': 'timeout=10, max=50',
29 silly registry.get     connection: 'Keep-Alive' } ]
30 silly lockFile ecd35e82-gulp-sass-contrib gulp-sass-contrib@
31 silly lockFile ecd35e82-gulp-sass-contrib gulp-sass-contrib@
32 error 404 404 Not Found: gulp-sass-contrib
32 error 404
32 error 404 'gulp-sass-contrib' is not in the npm registry.
32 error 404 You should bug the author to publish it
32 error 404 It was specified as a dependency of 'make-it-a-form'
32 error 404
32 error 404 Note that you can also install from a
32 error 404 tarball, folder, or http url, or git url.
33 error System Windows_NT 6.2.9200
34 error command "C:\\Program Files\\nodejs\\\\node.exe" "C:\\Program Files\\nodejs\\node_modules\\npm\\bin\\npm-cli.js" "install" "gulp-sass-contrib" "--save-dev"
35 error cwd C:\Users\Adrian\Documents\GitHub\make-it-a-form
36 error node -v v0.10.32
37 error npm -v 1.4.28
38 error code E404
39 verbose exit [ 1, true ]
